<?xml version="1.0" encoding="UTF-8"?>
<!-- Generated by org.testng.reporters.JUnitReportReporter -->
<testsuite skipped="0" hostname="KIMAZI-PC" name="crmTest.LoginTestNg" tests="1" failures="0" timestamp="2020-07-04T13:07:29 CDT" time="4.062" errors="0">
  <testcase name="login1" time="4.062" classname="crmTest.LoginTestNg"/>
  <system-out/>
</testsuite> <!-- crmTest.LoginTestNg -->
